3/24/11 11:39 AM    Changed installation directive for 'null' (version='1.0.0').
3/24/11 11:40 AM    Changed installation directive for 'RSA Base' (version='1.0.0').
3/24/11 11:40 AM    Changed supported drivers for package 'RSA Base' (version='1.0.0').
3/24/11 11:45 AM    Changed installation directive for object 'TRVRRSABASE-UpgradeSettings' in package 'RSA Base' (version='1.0.0').
3/24/11 11:45 AM    Added object 'TRVRRSABASE-UpgradeSettings' (package association id '9HO5KT8F_201103241145540250') to package 'RSA Base' (version='1.0.0').
3/24/11 11:45 AM    Changed installation directive for object 'TRVRRSABASE-UpgradeSettings' in package 'RSA Base' (version='1.0.0').
3/24/11 11:45 AM    Changed installation directive for object 'TRVRRSABASE-UpgradeSettings' in package 'RSA Base' (version='1.0.0').
3/24/11 11:46 AM    Changed installation directive for object 'TRVRRSABASE-DriverNamePrompt' in package 'RSA Base' (version='1.0.0').
3/24/11 11:46 AM    Added object 'TRVRRSABASE-DriverNamePrompt' (package association id 'RB2V1AKU_201103241146070265') to package 'RSA Base' (version='1.0.0').
3/24/11 11:46 AM    Changed installation directive for object 'TRVRRSABASE-DriverNamePrompt' in package 'RSA Base' (version='1.0.0').
3/24/11 11:46 AM    Changed installation directive for object 'TRVRRSABASE-DriverNamePrompt' in package 'RSA Base' (version='1.0.0').
3/24/11 11:46 AM    Changed installation directive for object 'TRVRRSABASE-InitSettingsPrompts' in package 'RSA Base' (version='1.0.0').
3/24/11 11:46 AM    Added object 'TRVRRSABASE-InitSettingsPrompts' (package association id 'G2RNFLSC_201103241146250156') to package 'RSA Base' (version='1.0.0').
3/24/11 11:46 AM    Changed installation directive for object 'TRVRRSABASE-InitSettingsPrompts' in package 'RSA Base' (version='1.0.0').
3/24/11 11:46 AM    Changed installation directive for object 'TRVRRSABASE-InitSettingsPrompts' in package 'RSA Base' (version='1.0.0').
3/24/11 11:46 AM    Changed installation directive for object 'TRVRRSABASE-RemoteLoaderPrompts' in package 'RSA Base' (version='1.0.0').
3/24/11 11:46 AM    Added object 'TRVRRSABASE-RemoteLoaderPrompts' (package association id 'SY7XHZKG_201103241146320218') to package 'RSA Base' (version='1.0.0').
3/24/11 11:46 AM    Changed installation directive for object 'TRVRRSABASE-RemoteLoaderPrompts' in package 'RSA Base' (version='1.0.0').
3/24/11 11:46 AM    Changed installation directive for object 'TRVRRSABASE-RemoteLoaderPrompts' in package 'RSA Base' (version='1.0.0').
3/24/11 2:13 PM    Changed installation directive for object 'TRVRRSABASE-DriverNamePrompt' in package 'RSA Base' (version='1.0.0').
3/24/11 2:21 PM    Changed installation directive for object 'TRVRRSABASE-InitSettingsPrompts' in package 'RSA Base' (version='1.0.0').
3/24/11 2:28 PM    Changed installation directive for object 'TRVRRSABASE-RemoteLoaderPrompts' in package 'RSA Base' (version='1.0.0').
3/24/11 3:26 PM    Changed installation directive for 'RSA Base' (version='1.0.0').
3/24/11 3:26 PM    Changed initial settings for package 'RSA Base' (version='1.0.0').
3/24/11 3:54 PM    Changed installation directive for 'RSA Base' (version='1.0.0').
3/24/11 3:54 PM    Changed initial settings for package 'RSA Base' (version='1.0.0').
3/24/11 3:57 PM    Changed installation directive for 'RSA Base' (version='1.0.0').
3/24/11 3:57 PM    Changed initial settings for package 'RSA Base' (version='1.0.0').
3/25/11 10:04 AM    Changed installation directive for 'RSA Base' (version='1.0.0').
3/25/11 10:04 AM    Changed mandatory and/or optional packages to install with base package 'RSA Base' (version='1.0.0').
3/25/11 10:05 AM    Changed installation directive for 'RSA Base' (version='1.0.0').
3/25/11 10:05 AM    Changed mandatory and/or optional packages to install with base package 'RSA Base' (version='1.0.0').
3/25/11 10:10 AM    Changed installation directive for 'RSA Base' (version='1.0.0').
3/25/11 10:10 AM    Changed mandatory and/or optional packages to install with base package 'RSA Base' (version='1.0.0').
3/25/11 10:10 AM    Changed mandatory and/or optional packages to install with base package 'RSA Base' (version='1.0.0').
3/25/11 3:16 PM    Built release of package 'RSA Base' (version='1.0.0') at 201103251516170135.
3/25/11 5:17 PM    Changed mandatory and/or optional packages to install with base package 'RSA Base' (version='1.0.0').
3/25/11 5:17 PM    Changed installation directive for 'RSA Base' (version='1.0.0').
3/25/11 5:17 PM    Changed supported drivers for package 'RSA Base' (version='1.0.0').
3/25/11 5:17 PM    Changed installation directive for 'RSA Base' (version='1.0.0').
3/25/11 5:17 PM    Changed package dependencies for 'RSA Base' (version='1.0.0').
3/25/11 5:17 PM    Changed installation directive for 'RSA Base' (version='1.0.0').
3/25/11 5:17 PM    Changed initial settings for package 'RSA Base' (version='1.0.0').
3/25/11 5:18 PM    Built release of package 'RSA Base' (version='1.0.0') at 201103251718130104.
3/28/11 9:51 AM    Built release of package 'RSA Base' (version='1.0.0') at 201103280951550615.
3/28/11 9:54 AM    Publish package 'RSA Base' (version='1.0.0').
